09:53:36.261 [TestNG-tests-2] INFO  com.orangehrm.tests.TC002_InvalidUsername - Actual Error messageInvalid credentials
09:53:36.582 [TestNG-tests-2] INFO  com.orangehrm.tests.TC002_InvalidUsername - Expected Error messageInvalid credentials
09:53:55.660 [TestNG-tests-3] INFO  com.orangehrm.tests.TC001_ValidLogin - Log in successfully done...
09:54:52.933 [TestNG-tests-3] INFO  com.orangehrm.tests.TC002_InvalidUsername - Actual Error messageInvalid credentials
09:54:52.934 [TestNG-tests-3] INFO  com.orangehrm.tests.TC002_InvalidUsername - Expected Error messageInvalid credentials
09:56:25.028 [TestNG-tests-1] INFO  com.orangehrm.tests.TC002_InvalidUsername - Actual Error messageInvalid credentials
09:56:25.028 [TestNG-tests-1] INFO  com.orangehrm.tests.TC002_InvalidUsername - Expected Error messageInvalid credentials
11:15:26.724 [main] DEBUG org.testng.TestNG - suiteXmlPath: "C:\Workspaces\30-10-2024 On words\OrangeHRM\serialsuite.xml"
18:49:21.609 [main] DEBUG org.testng.TestNG - suiteXmlPath: "C:\Workspaces\30-10-2024 On words\OrangeHRM\Serialsuite.xml"
18:49:22.489 [main] INFO  org.testng.internal.Utils - [TestNG] Running:
  C:\Workspaces\30-10-2024 On words\OrangeHRM\Serialsuite.xml

18:51:05.831 [main] INFO  com.orangehrm.tests.TC001_ValidLogin - Log in successfully done...
18:51:44.036 [main] INFO  com.orangehrm.tests.TC002_InvalidUsername - Actual Error messageInvalid credentials
18:51:44.037 [main] INFO  com.orangehrm.tests.TC002_InvalidUsername - Expected Error messageInvalid credentials
14:10:31.766 [main] DEBUG org.testng.TestNG - suiteXmlPath: "C:\Workspaces\30-10-2024 On words\OrangeHRM\serialsuite.xml"
14:19:46.196 [main] DEBUG org.testng.TestNG - suiteXmlPath: "C:\Workspaces\30-10-2024 On words\OrangeHRM\serialsuite.xml"
14:35:39.367 [main] DEBUG org.testng.TestNG - suiteXmlPath: "C:\Workspaces\30-10-2024 On words\OrangeHRM\serialsuite.xml"
14:35:54.274 [main] INFO  com.orangehrm.tests.TC001_ValidLogin - Log in successfully done...
14:36:09.953 [main] INFO  com.orangehrm.tests.TC002_InvalidUsername - Actual Error messageInvalid credentials
14:36:09.953 [main] INFO  com.orangehrm.tests.TC002_InvalidUsername - Expected Error messageInvalid credentials
14:57:14.751 [main] DEBUG org.testng.TestNG - suiteXmlPath: "C:\Workspaces\30-10-2024 On words\OrangeHRM\serialsuite.xml"
14:57:42.916 [main] INFO  com.orangehrm.tests.TC001_ValidLogin - Log in successfully done...
14:58:07.584 [main] INFO  com.orangehrm.tests.TC002_InvalidUsername - Actual Error messageInvalid credentials
14:58:07.585 [main] INFO  com.orangehrm.tests.TC002_InvalidUsername - Expected Error messageInvalid credentials
15:09:14.335 [main] DEBUG org.testng.TestNG - suiteXmlPath: "C:\Workspaces\30-10-2024 On words\OrangeHRM\serialsuite.xml"
15:09:45.011 [main] INFO  com.orangehrm.tests.TC001_ValidLogin - Log in successfully done...
15:10:09.334 [main] INFO  com.orangehrm.tests.TC002_InvalidUsername - Actual Error messageInvalid credentials
15:10:09.334 [main] INFO  com.orangehrm.tests.TC002_InvalidUsername - Expected Error messageInvalid credentials
15:24:32.000 [main] DEBUG org.testng.TestNG - suiteXmlPath: "C:\Workspaces\30-10-2024 On words\OrangeHRM\serialsuite.xml"
15:28:15.497 [main] INFO  com.orangehrm.tests.TC002_InvalidUsername - Actual Error messageInvalid credentials
15:28:15.497 [main] INFO  com.orangehrm.tests.TC002_InvalidUsername - Expected Error messageInvalid credentials
15:43:29.847 [main] DEBUG org.testng.TestNG - suiteXmlPath: "C:\Workspaces\30-10-2024 On words\OrangeHRM\serialsuite.xml"
15:44:30.189 [main] INFO  com.orangehrm.tests.TC002_InvalidUsername - Actual Error messageInvalid credentials
15:44:30.191 [main] INFO  com.orangehrm.tests.TC002_InvalidUsername - Expected Error messageInvalid credentials
16:21:18.949 [main] DEBUG org.testng.TestNG - suiteXmlPath: "C:\Workspaces\30-10-2024 On words\OrangeHRM\serialsuite.xml"
16:21:37.576 [main] INFO  com.orangehrm.tests.TC001_ValidLogin - Log in successfully done...
16:21:50.766 [main] INFO  com.orangehrm.tests.TC002_InvalidUsername - Actual Error messageInvalid credentials
16:21:50.768 [main] INFO  com.orangehrm.tests.TC002_InvalidUsername - Expected Error messageInvalid credentials
16:33:09.886 [main] DEBUG org.testng.TestNG - suiteXmlPath: "C:\Workspaces\30-10-2024 On words\OrangeHRM\serialsuite.xml"
16:33:44.638 [main] INFO  com.orangehrm.tests.TC001_ValidLogin - Log in successfully done...
16:33:58.403 [main] INFO  com.orangehrm.tests.TC002_InvalidUsername - Actual Error messageInvalid credentials
16:33:58.403 [main] INFO  com.orangehrm.tests.TC002_InvalidUsername - Expected Error messageInvalid credentials
16:47:50.431 [main] DEBUG org.testng.TestNG - suiteXmlPath: "C:\Workspaces\30-10-2024 On words\OrangeHRM\serialsuite.xml"
16:48:02.277 [main] INFO  com.orangehrm.tests.TC001_ValidLogin - Log in successfully done...
16:48:15.438 [main] INFO  com.orangehrm.tests.TC002_InvalidUsername - Actual Error messageInvalid credentials
16:48:15.439 [main] INFO  com.orangehrm.tests.TC002_InvalidUsername - Expected Error messageInvalid credentials
15:11:22.331 [main] DEBUG org.testng.TestNG - suiteXmlPath: "C:\Workspaces\30-10-2024 On words\OrangeHRM\serialsuite.xml"
15:11:42.817 [main] INFO  com.orangehrm.tests.TC001_ValidLogin - Log in successfully done...
15:12:11.446 [main] INFO  com.orangehrm.tests.TC002_InvalidUsername - Actual Error messageInvalid credentials
15:12:11.446 [main] INFO  com.orangehrm.tests.TC002_InvalidUsername - Expected Error messageInvalid credentials
15:23:21.644 [main] DEBUG org.testng.TestNG - suiteXmlPath: "C:\Workspaces\30-10-2024 On words\OrangeHRM\serialsuite.xml"
15:23:40.317 [main] INFO  com.orangehrm.tests.TC001_ValidLogin - Log in successfully done...
15:23:56.964 [main] INFO  com.orangehrm.tests.TC002_InvalidUsername - Actual Error messageInvalid credentials
15:23:56.964 [main] INFO  com.orangehrm.tests.TC002_InvalidUsername - Expected Error messageInvalid credentials
15:34:00.239 [main] DEBUG org.testng.TestNG - suiteXmlPath: "C:\Workspaces\30-10-2024 On words\OrangeHRM\serialsuite.xml"
15:34:15.870 [main] INFO  com.orangehrm.tests.TC001_ValidLogin - Log in successfully done...
15:34:32.003 [main] INFO  com.orangehrm.tests.TC002_InvalidUsername - Actual Error messageInvalid credentials
15:34:32.003 [main] INFO  com.orangehrm.tests.TC002_InvalidUsername - Expected Error messageInvalid credentials
15:49:24.263 [main] DEBUG org.testng.TestNG - suiteXmlPath: "C:\Workspaces\30-10-2024 On words\OrangeHRM\serialsuite.xml"
15:49:40.719 [main] INFO  com.orangehrm.tests.TC001_ValidLogin - Log in successfully done...
15:50:07.558 [main] INFO  com.orangehrm.tests.TC002_InvalidUsername - Actual Error messageInvalid credentials
15:50:07.558 [main] INFO  com.orangehrm.tests.TC002_InvalidUsername - Expected Error messageInvalid credentials
15:56:57.051 [main] DEBUG org.testng.TestNG - suiteXmlPath: "C:\Workspaces\30-10-2024 On words\OrangeHRM\serialsuite.xml"
15:57:10.900 [main] INFO  com.orangehrm.tests.TC001_ValidLogin - Log in successfully done...
15:57:25.463 [main] INFO  com.orangehrm.tests.TC002_InvalidUsername - Actual Error messageInvalid credentials
15:57:25.463 [main] INFO  com.orangehrm.tests.TC002_InvalidUsername - Expected Error messageInvalid credentials
16:16:15.080 [main] DEBUG org.testng.TestNG - suiteXmlPath: "C:\Workspaces\30-10-2024 On words\OrangeHRM\serialsuite.xml"
16:16:31.291 [main] INFO  com.orangehrm.tests.TC001_ValidLogin - Log in successfully done...
16:16:43.832 [main] INFO  com.orangehrm.tests.TC002_InvalidUsername - Actual Error messageInvalid credentials
16:16:43.832 [main] INFO  com.orangehrm.tests.TC002_InvalidUsername - Expected Error messageInvalid credentials
16:21:21.456 [main] DEBUG org.testng.TestNG - suiteXmlPath: "C:\Workspaces\30-10-2024 On words\OrangeHRM\serialsuite.xml"
16:21:44.158 [main] INFO  com.orangehrm.tests.TC001_ValidLogin - Log in successfully done...
16:22:03.076 [main] INFO  com.orangehrm.tests.TC002_InvalidUsername - Actual Error messageInvalid credentials
16:22:03.077 [main] INFO  com.orangehrm.tests.TC002_InvalidUsername - Expected Error messageInvalid credentials
11:23:05.204 [main] DEBUG org.testng.TestNG - suiteXmlPath: "C:\Workspaces\30-10-2024 On words\OrangeHRM\Serialsuite.xml"
11:23:05.920 [main] INFO  org.testng.internal.Utils - [TestNG] Running:
  C:\Workspaces\30-10-2024 On words\OrangeHRM\Serialsuite.xml

11:24:40.215 [main] INFO  com.orangehrm.tests.TC001_ValidLogin - Log in successfully done...
11:24:56.051 [main] INFO  com.orangehrm.tests.TC002_InvalidUsername - Actual Error messageInvalid credentials
11:24:56.051 [main] INFO  com.orangehrm.tests.TC002_InvalidUsername - Expected Error messageInvalid credentials
12:30:32.930 [main] DEBUG org.testng.TestNG - suiteXmlPath: "C:\Workspaces\30-10-2024 On words\OrangeHRM\Serialsuite.xml"
12:30:33.769 [main] INFO  org.testng.internal.Utils - [TestNG] Running:
  C:\Workspaces\30-10-2024 On words\OrangeHRM\Serialsuite.xml

12:30:55.385 [main] INFO  com.orangehrm.tests.TC001_ValidLogin - Log in successfully done...
12:37:56.923 [main] DEBUG org.testng.TestNG - suiteXmlPath: "C:\Workspaces\30-10-2024 On words\OrangeHRM\Serialsuite.xml"
12:37:57.604 [main] INFO  org.testng.internal.Utils - [TestNG] Running:
  C:\Workspaces\30-10-2024 On words\OrangeHRM\Serialsuite.xml

12:38:13.659 [main] INFO  com.orangehrm.tests.TC001_ValidLogin - Log in successfully done...
12:39:39.110 [main] DEBUG org.testng.TestNG - suiteXmlPath: "C:\Workspaces\30-10-2024 On words\OrangeHRM\Serialsuite.xml"
12:39:39.698 [main] INFO  org.testng.internal.Utils - [TestNG] Running:
  C:\Workspaces\30-10-2024 On words\OrangeHRM\Serialsuite.xml

12:39:50.565 [main] INFO  com.orangehrm.tests.TC001_ValidLogin - Log in successfully done...
12:40:04.087 [main] INFO  com.orangehrm.tests.TC002_InvalidUsername - Actual Error messageInvalid credentials
12:40:04.087 [main] INFO  com.orangehrm.tests.TC002_InvalidUsername - Expected Error messageInvalid credentials
12:57:37.137 [main] DEBUG org.testng.TestNG - suiteXmlPath: "C:\Workspaces\30-10-2024 On words\OrangeHRM\serialsuite.xml"
12:57:52.657 [main] INFO  com.orangehrm.tests.TC001_ValidLogin - Log in successfully done...
12:58:06.485 [main] INFO  com.orangehrm.tests.TC002_InvalidUsername - Actual Error messageInvalid credentials
12:58:06.486 [main] INFO  com.orangehrm.tests.TC002_InvalidUsername - Expected Error messageInvalid credentials
13:00:55.271 [main] DEBUG org.testng.TestNG - suiteXmlPath: "C:\Workspaces\30-10-2024 On words\OrangeHRM\Parallelsuite.xml"
13:00:56.283 [main] INFO  org.testng.internal.Utils - [TestNG] Running:
  C:\Workspaces\30-10-2024 On words\OrangeHRM\Parallelsuite.xml

13:01:29.124 [TestNG-tests-2] INFO  com.orangehrm.tests.TC001_ValidLogin - Log in successfully done...
13:01:44.803 [TestNG-tests-2] INFO  com.orangehrm.tests.TC002_InvalidUsername - Actual Error messageInvalid credentials
13:01:44.803 [TestNG-tests-2] INFO  com.orangehrm.tests.TC002_InvalidUsername - Expected Error messageInvalid credentials
13:02:56.842 [TestNG-tests-3] INFO  com.orangehrm.tests.TC001_ValidLogin - Log in successfully done...
13:03:33.240 [TestNG-tests-3] INFO  com.orangehrm.tests.TC002_InvalidUsername - Actual Error messageInvalid credentials
13:03:33.242 [TestNG-tests-3] INFO  com.orangehrm.tests.TC002_InvalidUsername - Expected Error messageInvalid credentials
13:09:43.945 [main] DEBUG org.testng.TestNG - suiteXmlPath: "C:\Workspaces\30-10-2024 On words\OrangeHRM\RegressionSuite.xml"
13:09:44.780 [main] INFO  org.testng.internal.Utils - [TestNG] Running:
  C:\Workspaces\30-10-2024 On words\OrangeHRM\RegressionSuite.xml

13:10:03.428 [main] DEBUG org.testng.TestNG - suiteXmlPath: "C:\Workspaces\30-10-2024 On words\OrangeHRM\Serialsuite.xml"
13:10:04.202 [main] INFO  org.testng.internal.Utils - [TestNG] Running:
  C:\Workspaces\30-10-2024 On words\OrangeHRM\Serialsuite.xml

13:10:18.102 [main] INFO  com.orangehrm.tests.TC001_ValidLogin - Log in successfully done...
13:10:32.861 [main] INFO  com.orangehrm.tests.TC002_InvalidUsername - Actual Error messageInvalid credentials
13:10:32.861 [main] INFO  com.orangehrm.tests.TC002_InvalidUsername - Expected Error messageInvalid credentials
13:19:10.070 [main] DEBUG org.testng.TestNG - suiteXmlPath: "C:\Workspaces\30-10-2024 On words\OrangeHRM\RegressionSuite.xml"
13:19:11.097 [main] INFO  org.testng.internal.Utils - [TestNG] Running:
  C:\Workspaces\30-10-2024 On words\OrangeHRM\RegressionSuite.xml

13:19:26.905 [main] INFO  com.orangehrm.tests.TC001_ValidLogin - Log in successfully done...
13:19:40.745 [main] INFO  com.orangehrm.tests.TC002_InvalidUsername - Actual Error messageInvalid credentials
13:19:40.745 [main] INFO  com.orangehrm.tests.TC002_InvalidUsername - Expected Error messageInvalid credentials
13:26:44.815 [main] DEBUG org.testng.TestNG - suiteXmlPath: "C:\Workspaces\30-10-2024 On words\OrangeHRM\RegressionSuite.xml"
13:26:45.611 [main] INFO  org.testng.internal.Utils - [TestNG] Running:
  C:\Workspaces\30-10-2024 On words\OrangeHRM\RegressionSuite.xml

13:38:35.440 [main] DEBUG org.testng.TestNG - suiteXmlPath: "C:\Workspaces\30-10-2024 On words\OrangeHRM\RegressionSuite.xml"
13:38:36.376 [main] INFO  org.testng.internal.Utils - [TestNG] Running:
  C:\Workspaces\30-10-2024 On words\OrangeHRM\RegressionSuite.xml

13:38:52.659 [main] INFO  com.orangehrm.tests.TC001_ValidLogin - Log in successfully done...
13:39:10.131 [main] INFO  com.orangehrm.tests.TC002_InvalidUsername - Actual Error messageInvalid credentials
13:39:10.131 [main] INFO  com.orangehrm.tests.TC002_InvalidUsername - Expected Error messageInvalid credentials
13:42:01.304 [main] DEBUG org.testng.TestNG - suiteXmlPath: "C:\Workspaces\30-10-2024 On words\OrangeHRM\RegressionSuite.xml"
13:42:02.661 [main] INFO  org.testng.internal.Utils - [TestNG] Running:
  C:\Workspaces\30-10-2024 On words\OrangeHRM\RegressionSuite.xml

13:42:21.992 [main] INFO  com.orangehrm.tests.TC001_ValidLogin - Log in successfully done...
13:46:34.922 [main] DEBUG org.testng.TestNG - suiteXmlPath: "C:\Workspaces\30-10-2024 On words\OrangeHRM\Serialsuite.xml"
13:46:35.834 [main] INFO  org.testng.internal.Utils - [TestNG] Running:
  C:\Workspaces\30-10-2024 On words\OrangeHRM\Serialsuite.xml

13:46:48.850 [main] INFO  com.orangehrm.tests.TC001_ValidLogin - Log in successfully done...
13:47:09.677 [main] INFO  com.orangehrm.tests.TC002_InvalidUsername - Actual Error messageInvalid credentials
13:47:09.678 [main] INFO  com.orangehrm.tests.TC002_InvalidUsername - Expected Error messageInvalid credentials
09:36:54.783 [main] DEBUG org.testng.TestNG - suiteXmlPath: "C:\Workspaces\30-10-2024 On words\OrangeHRM\RegressionSuite.xml"
09:36:55.595 [main] INFO  org.testng.internal.Utils - [TestNG] Running:
  C:\Workspaces\30-10-2024 On words\OrangeHRM\RegressionSuite.xml

09:38:40.927 [main] INFO  com.orangehrm.tests.TC001_ValidLogin - Log in successfully done...
